{"C:\\workstation\\learn\\istanbulPlugin\\src.js":{"path":"C:\\workstation\\learn\\istanbulPlugin\\src.js","s":{"1":1,"2":1,"3":1,"4":1,"5":1,"6":0,"7":1,"8":1},"b":{"1":[0,1]},"f":{},"fnMap":{},"statementMap":{"1":{"start":{"line":1,"column":0},"end":{"line":1,"column":9}},"2":{"start":{"line":2,"column":0},"end":{"line":2,"column":8}},"3":{"start":{"line":3,"column":0},"end":{"line":3,"column":25}},"4":{"start":{"line":5,"column":0},"end":{"line":5,"column":11}},"5":{"start":{"line":6,"column":0},"end":{"line":10,"column":1}},"6":{"start":{"line":7,"column":1},"end":{"line":7,"column":14}},"7":{"start":{"line":9,"column":1},"end":{"line":9,"column":14}},"8":{"start":{"line":11,"column":0},"end":{"line":11,"column":52}}},"branchMap":{"1":{"line":6,"type":"if","locations":[{"start":{"line":6,"column":0},"end":{"line":6,"column":0}},{"start":{"line":6,"column":0},"end":{"line":6,"column":0}}]}}}}